TN:
SF:/Users/amanyadav/Downloads/Votechain/votechain/contracts/Election.sol
FN:26,constructor
FN:37,addCandidate
FN:48,vote
FNF:3
FNH:2
FNDA:3,constructor
FNDA:18,addCandidate
FNDA:0,vote
DA:27,3
DA:28,3
DA:29,3
DA:30,3
DA:31,3
DA:32,3
DA:39,18
DA:40,18
DA:49,0
DA:50,0
DA:51,0
DA:52,0
DA:53,0
DA:54,0
LF:14
LH:8
BRDA:49,1,0,0
BRDA:49,1,1,0
BRDA:50,2,0,0
BRDA:50,2,1,0
BRF:4
BRH:0
end_of_record
TN:
SF:/Users/amanyadav/Downloads/Votechain/votechain/contracts/ownable.sol
FN:20,constructor
FN:28,owner
FN:35,onlyOwner
FN:43,isOwner
FN:53,renounceOwnership
FN:62,transferOwnership
FN:70,_transferOwnership
FNF:7
FNH:3
FNDA:3,constructor
FNDA:0,owner
FNDA:18,onlyOwner
FNDA:18,isOwner
FNDA:0,renounceOwnership
FNDA:0,transferOwnership
FNDA:0,_transferOwnership
DA:21,3
DA:22,3
DA:29,0
DA:36,18
DA:37,18
DA:44,18
DA:54,0
DA:55,0
DA:63,0
DA:71,0
DA:72,0
DA:73,0
LF:12
LH:5
BRDA:36,1,0,18
BRDA:36,1,1,0
BRDA:71,2,0,0
BRDA:71,2,1,0
BRF:4
BRH:1
end_of_record
TN:
SF:/Users/amanyadav/Downloads/Votechain/votechain/contracts/safemath.sol
FN:11,mul
FN:23,div
FN:33,sub
FN:41,add
FN:53,mul
FN:62,div
FN:69,sub
FN:74,add
FN:86,mul
FN:95,div
FN:102,sub
FN:107,add
FNF:12
FNH:0
FNDA:0,mul
FNDA:0,div
FNDA:0,sub
FNDA:0,add
FNDA:0,mul
FNDA:0,div
FNDA:0,sub
FNDA:0,add
FNDA:0,mul
FNDA:0,div
FNDA:0,sub
FNDA:0,add
DA:12,0
DA:13,0
DA:15,0
DA:16,0
DA:17,0
DA:25,0
DA:27,0
DA:34,0
DA:35,0
DA:42,0
DA:43,0
DA:44,0
DA:54,0
DA:55,0
DA:57,0
DA:58,0
DA:59,0
DA:64,0
DA:66,0
DA:70,0
DA:71,0
DA:75,0
DA:76,0
DA:77,0
DA:87,0
DA:88,0
DA:90,0
DA:91,0
DA:92,0
DA:97,0
DA:99,0
DA:103,0
DA:104,0
DA:108,0
DA:109,0
DA:110,0
LF:36
LH:0
BRDA:12,1,0,0
BRDA:12,1,1,0
BRDA:54,2,0,0
BRDA:54,2,1,0
BRDA:87,3,0,0
BRDA:87,3,1,0
BRF:6
BRH:0
end_of_record
