{"contracts/Election.sol":{"l":{"27":3,"28":3,"29":3,"30":3,"31":3,"32":3,"39":18,"40":18,"49":0,"50":0,"51":0,"52":0,"53":0,"54":0},"path":"/Users/amanyadav/Downloads/Votechain/votechain/contracts/Election.sol","s":{"1":3,"2":3,"3":3,"4":3,"5":3,"6":3,"7":18,"8":0,"9":0,"10":0,"11":0,"12":0},"b":{"1":[0,0],"2":[0,0]},"f":{"1":3,"2":18,"3":0},"fnMap":{"1":{"name":"constructor","line":26,"loc":{"start":{"line":26,"column":4},"end":{"line":33,"column":4}}},"2":{"name":"addCandidate","line":37,"loc":{"start":{"line":35,"column":4},"end":{"line":46,"column":4}}},"3":{"name":"vote","line":48,"loc":{"start":{"line":48,"column":4},"end":{"line":55,"column":4}}}},"statementMap":{"1":{"start":{"line":27,"column":8},"end":{"line":27,"column":64}},"2":{"start":{"line":28,"column":8},"end":{"line":28,"column":63}},"3":{"start":{"line":29,"column":8},"end":{"line":29,"column":56}},"4":{"start":{"line":30,"column":8},"end":{"line":30,"column":69}},"5":{"start":{"line":31,"column":8},"end":{"line":31,"column":53}},"6":{"start":{"line":32,"column":8},"end":{"line":32,"column":48}},"7":{"start":{"line":40,"column":8},"end":{"line":40,"column":1115}},"8":{"start":{"line":49,"column":8},"end":{"line":49,"column":37}},"9":{"start":{"line":50,"column":8},"end":{"line":50,"column":67}},"10":{"start":{"line":51,"column":8},"end":{"line":51,"column":34}},"11":{"start":{"line":53,"column":8},"end":{"line":53,"column":39}},"12":{"start":{"line":54,"column":8},"end":{"line":54,"column":37}}},"branchMap":{"1":{"line":49,"type":"if","locations":[{"start":{"line":49,"column":8},"end":{"line":49,"column":8}},{"start":{"line":49,"column":8},"end":{"line":49,"column":8}}]},"2":{"line":50,"type":"if","locations":[{"start":{"line":50,"column":8},"end":{"line":50,"column":8}},{"start":{"line":50,"column":8},"end":{"line":50,"column":8}}]}}},"contracts/ownable.sol":{"l":{"21":3,"22":3,"29":0,"36":18,"37":18,"44":18,"54":0,"55":0,"63":0,"71":0,"72":0,"73":0},"path":"/Users/amanyadav/Downloads/Votechain/votechain/contracts/ownable.sol","s":{"1":3,"2":3,"3":0,"4":18,"5":18,"6":0,"7":0,"8":0,"9":0,"10":0,"11":0},"b":{"1":[18,0],"2":[0,0]},"f":{"1":3,"2":0,"3":18,"4":18,"5":0,"6":0,"7":0},"fnMap":{"1":{"name":"constructor","line":20,"loc":{"start":{"line":20,"column":4},"end":{"line":23,"column":4}}},"2":{"name":"owner","line":28,"loc":{"start":{"line":28,"column":4},"end":{"line":30,"column":4}}},"3":{"name":"onlyOwner","line":35,"loc":{"start":{"line":35,"column":4},"end":{"line":38,"column":4}}},"4":{"name":"isOwner","line":43,"loc":{"start":{"line":43,"column":4},"end":{"line":45,"column":4}}},"5":{"name":"renounceOwnership","line":53,"loc":{"start":{"line":53,"column":4},"end":{"line":56,"column":4}}},"6":{"name":"transferOwnership","line":62,"loc":{"start":{"line":62,"column":4},"end":{"line":64,"column":4}}},"7":{"name":"_transferOwnership","line":70,"loc":{"start":{"line":70,"column":4},"end":{"line":74,"column":4}}}},"statementMap":{"1":{"start":{"line":21,"column":8},"end":{"line":21,"column":26}},"2":{"start":{"line":22,"column":8},"end":{"line":22,"column":53}},"3":{"start":{"line":29,"column":8},"end":{"line":29,"column":21}},"4":{"start":{"line":36,"column":8},"end":{"line":36,"column":25}},"5":{"start":{"line":44,"column":8},"end":{"line":44,"column":35}},"6":{"start":{"line":54,"column":8},"end":{"line":54,"column":53}},"7":{"start":{"line":55,"column":8},"end":{"line":55,"column":26}},"8":{"start":{"line":63,"column":8},"end":{"line":63,"column":35}},"9":{"start":{"line":71,"column":8},"end":{"line":71,"column":38}},"10":{"start":{"line":72,"column":8},"end":{"line":72,"column":51}},"11":{"start":{"line":73,"column":8},"end":{"line":73,"column":24}}},"branchMap":{"1":{"line":36,"type":"if","locations":[{"start":{"line":36,"column":8},"end":{"line":36,"column":8}},{"start":{"line":36,"column":8},"end":{"line":36,"column":8}}]},"2":{"line":71,"type":"if","locations":[{"start":{"line":71,"column":8},"end":{"line":71,"column":8}},{"start":{"line":71,"column":8},"end":{"line":71,"column":8}}]}}},"contracts/safemath.sol":{"l":{"12":0,"13":0,"15":0,"16":0,"17":0,"25":0,"27":0,"34":0,"35":0,"42":0,"43":0,"44":0,"54":0,"55":0,"57":0,"58":0,"59":0,"64":0,"66":0,"70":0,"71":0,"75":0,"76":0,"77":0,"87":0,"88":0,"90":0,"91":0,"92":0,"97":0,"99":0,"103":0,"104":0,"108":0,"109":0,"110":0},"path":"/Users/amanyadav/Downloads/Votechain/votechain/contracts/safemath.sol","s":{"1":0,"2":0,"3":0,"4":0,"5":0,"6":0,"7":0,"8":0,"9":0,"10":0,"11":0,"12":0,"13":0,"14":0,"15":0,"16":0,"17":0,"18":0,"19":0,"20":0,"21":0,"22":0,"23":0,"24":0,"25":0,"26":0,"27":0,"28":0,"29":0,"30":0,"31":0,"32":0,"33":0,"34":0,"35":0,"36":0},"b":{"1":[0,0],"2":[0,0],"3":[0,0]},"f":{"1":0,"2":0,"3":0,"4":0,"5":0,"6":0,"7":0,"8":0,"9":0,"10":0,"11":0,"12":0},"fnMap":{"1":{"name":"mul","line":11,"loc":{"start":{"line":11,"column":4},"end":{"line":18,"column":4}}},"2":{"name":"div","line":23,"loc":{"start":{"line":23,"column":4},"end":{"line":28,"column":4}}},"3":{"name":"sub","line":33,"loc":{"start":{"line":33,"column":4},"end":{"line":36,"column":4}}},"4":{"name":"add","line":41,"loc":{"start":{"line":41,"column":4},"end":{"line":45,"column":4}}},"5":{"name":"mul","line":53,"loc":{"start":{"line":53,"column":4},"end":{"line":60,"column":4}}},"6":{"name":"div","line":62,"loc":{"start":{"line":62,"column":4},"end":{"line":67,"column":4}}},"7":{"name":"sub","line":69,"loc":{"start":{"line":69,"column":4},"end":{"line":72,"column":4}}},"8":{"name":"add","line":74,"loc":{"start":{"line":74,"column":4},"end":{"line":78,"column":4}}},"9":{"name":"mul","line":86,"loc":{"start":{"line":86,"column":4},"end":{"line":93,"column":4}}},"10":{"name":"div","line":95,"loc":{"start":{"line":95,"column":4},"end":{"line":100,"column":4}}},"11":{"name":"sub","line":102,"loc":{"start":{"line":102,"column":4},"end":{"line":105,"column":4}}},"12":{"name":"add","line":107,"loc":{"start":{"line":107,"column":4},"end":{"line":111,"column":4}}}},"statementMap":{"1":{"start":{"line":12,"column":8},"end":{"line":12,"column":296}},"2":{"start":{"line":13,"column":12},"end":{"line":13,"column":20}},"3":{"start":{"line":15,"column":8},"end":{"line":15,"column":25}},"4":{"start":{"line":16,"column":8},"end":{"line":16,"column":25}},"5":{"start":{"line":17,"column":8},"end":{"line":17,"column":16}},"6":{"start":{"line":25,"column":8},"end":{"line":25,"column":25}},"7":{"start":{"line":27,"column":8},"end":{"line":27,"column":16}},"8":{"start":{"line":34,"column":8},"end":{"line":34,"column":21}},"9":{"start":{"line":35,"column":8},"end":{"line":35,"column":20}},"10":{"start":{"line":42,"column":8},"end":{"line":42,"column":25}},"11":{"start":{"line":43,"column":8},"end":{"line":43,"column":21}},"12":{"start":{"line":44,"column":8},"end":{"line":44,"column":16}},"13":{"start":{"line":54,"column":8},"end":{"line":54,"column":1432}},"14":{"start":{"line":55,"column":12},"end":{"line":55,"column":20}},"15":{"start":{"line":57,"column":8},"end":{"line":57,"column":24}},"16":{"start":{"line":58,"column":8},"end":{"line":58,"column":25}},"17":{"start":{"line":59,"column":8},"end":{"line":59,"column":16}},"18":{"start":{"line":64,"column":8},"end":{"line":64,"column":24}},"19":{"start":{"line":66,"column":8},"end":{"line":66,"column":16}},"20":{"start":{"line":70,"column":8},"end":{"line":70,"column":21}},"21":{"start":{"line":71,"column":8},"end":{"line":71,"column":20}},"22":{"start":{"line":75,"column":8},"end":{"line":75,"column":24}},"23":{"start":{"line":76,"column":8},"end":{"line":76,"column":21}},"24":{"start":{"line":77,"column":8},"end":{"line":77,"column":16}},"25":{"start":{"line":87,"column":8},"end":{"line":87,"column":2288}},"26":{"start":{"line":88,"column":12},"end":{"line":88,"column":20}},"27":{"start":{"line":90,"column":8},"end":{"line":90,"column":24}},"28":{"start":{"line":91,"column":8},"end":{"line":91,"column":25}},"29":{"start":{"line":92,"column":8},"end":{"line":92,"column":16}},"30":{"start":{"line":97,"column":8},"end":{"line":97,"column":24}},"31":{"start":{"line":99,"column":8},"end":{"line":99,"column":16}},"32":{"start":{"line":103,"column":8},"end":{"line":103,"column":21}},"33":{"start":{"line":104,"column":8},"end":{"line":104,"column":20}},"34":{"start":{"line":108,"column":8},"end":{"line":108,"column":24}},"35":{"start":{"line":109,"column":8},"end":{"line":109,"column":21}},"36":{"start":{"line":110,"column":8},"end":{"line":110,"column":16}}},"branchMap":{"1":{"line":12,"type":"if","locations":[{"start":{"line":12,"column":8},"end":{"line":12,"column":8}},{"start":{"line":12,"column":8},"end":{"line":12,"column":8}}]},"2":{"line":54,"type":"if","locations":[{"start":{"line":54,"column":8},"end":{"line":54,"column":8}},{"start":{"line":54,"column":8},"end":{"line":54,"column":8}}]},"3":{"line":87,"type":"if","locations":[{"start":{"line":87,"column":8},"end":{"line":87,"column":8}},{"start":{"line":87,"column":8},"end":{"line":87,"column":8}}]}}}}